build/app/outputs/mapping/release/configuration.txt
# The proguard configuration file for the following section is default_proguard_files\global\proguard-android.txt-7.3.0
# This is a configuration file for ProGuard.
# http://proguard.sourceforge.net/index.html#manual/usage.html
#
# Starting with version 2.2 of the Android plugin for Gradle, this file is distributed together with
# the plugin and unpacked at build-time. The files in $ANDROID_HOME are no longer maintained and
# will be ignored by new version of the Android plugin for Gradle.

# Optimization is turned off by default. Dex does not like code run
# through the ProGuard optimize steps (and performs some
# of these optimizations on its own).
# Note that if you want to enable optimization, you cannot just
# include optimization flags in your own project configuration file;
# instead you will need to point to the
# "proguard-android-optimize.txt" file instead of this one from your
# project.properties file.
-dontoptimize

-dontusemixedcaseclassnames
-dontskipnonpubliclibraryclasses
-verbose

# Preserve some attributes that may be required for reflection.
-keepattributes AnnotationDefault,
                EnclosingMethod,
                InnerClasses,
                RuntimeVisibleAnnotations,
                RuntimeVisibleParameterAnnotations,
                RuntimeVisibleTypeAnnotations,
                Signature

-keep public class com.google.vending.licensing.ILicensingService
-keep public class com.android.vending.licensing.ILicensingService
-keep public class com.google.android.vending.licensing.ILicensingService
-dontnote com.android.vending.licensing.ILicensingService
-dontnote com.google.vending.licensing.ILicensingService
-dontnote com.google.android.vending.licensing.ILicensingService

# For native methods, see http://proguard.sourceforge.net/manual/examples.html#native
-keepclasseswithmembernames,includedescriptorclasses class * {
    native <methods>;
}

# Keep setters in Views so that animations can still work.
-keepclassmembers public class * extends android.view.View {
    void set*(***);
    *** get*();
}

# We want to keep methods in Activity that could be used in the XML attribute onClick.
-keepclassmembers class * extends android.app.Activity {
    public void *(android.view.View);
}

# For enumeration classes, see http://proguard.sourceforge.net/manual/examples.html#enumerations
-keepclassmembers enum * {
    public static **[] values();
    public static ** valueOf(java.lang.String);
}

-keepclassmembers class * implements android.os.Parcelable {
    public static final ** CREATOR;
}

# Preserve annotated Javascript interface methods.
-keepclassmembers class * {
    @android.webkit.JavascriptInterface <methods>;
}

# The support libraries contains references to newer platform versions.
# Don't warn about those in case this app is linking against an older
# platform version. We know about them, and they are safe.
-dontnote android.support.**
-dontnote androidx.**
-dontwarn android.support.**
-dontwarn androidx.**

# This class is deprecated, but remains for backward compatibility.
-dontwarn android.util.FloatMath

# Understand the @Keep support annotation.
-keep class android.support.annotation.Keep
-keep class androidx.annotation.Keep

-keep @android.support.annotation.Keep class * {*;}
-keep @androidx.annotation.Keep class * {*;}

-keepclasseswithmembers class * {
    @android.support.annotation.Keep <methods>;
}

-keepclasseswithmembers class * {
    @androidx.annotation.Keep <methods>;
}

-keepclasseswithmembers class * {
    @android.support.annotation.Keep <fields>;
}

-keepclasseswithmembers class * {
    @androidx.annotation.Keep <fields>;
}

-keepclasseswithmembers class * {
    @android.support.annotation.Keep <init>(...);
}

-keepclasseswithmembers class * {
    @androidx.annotation.Keep <init>(...);
}

# These classes are duplicated between android.jar and org.apache.http.legacy.jar.
-dontnote org.apache.http.**
-dontnote android.net.http.**

# These classes are duplicated between android.jar and core-lambda-stubs.jar.
-dontnote java.lang.invoke.**

# End of content from default_proguard_files\global\proguard-android.txt-7.3.0
# The proguard configuration file for the following section is flutter_tools\gradle\flutter_proguard_rules.pro
# Build the ephemeral app in a module project.
# Prevents: Warning: library class <plugin-package> depends on program class io.flutter.plugin.**
# This is due to plugins (libraries) depending on the embedding (the program jar)
-dontwarn io.flutter.plugin.**

# The android.** package is provided by the OS at runtime.
-dontwarn android.**

# End of content from flutter_tools\gradle\flutter_proguard_rules.pro
# The proguard configuration file for the following section is aapt_proguard_file\release\aapt_rules.txt
-keep class android.app.Application { <init>(); }
-keep class androidx.core.app.CoreComponentFactory { <init>(); }
-keep class com.example.todo_list.MainActivity { <init>(); }
-keep class com.google.android.gms.common.api.GoogleApiActivity { <init>(); }
-keep class com.yandex.metrica.MetricaService { <init>(); }
-keep class com.yandex.metrica.PreloadInfoContentProvider { <init>(); }

# End of content from aapt_proguard_file\release\aapt_rules.txt
# The proguard configuration file for the following section is transformed\jetified-window-1.0.0-beta04\proguard.txt
# Copyright (C) 2020 The Android Open Source Project
#
# Licensed under the Apache License, Version 2.0 (the "License");
# you may not use this file except in compliance with the License.
# You may obtain a copy of the License at
#
#      http://www.apache.org/licenses/LICENSE-2.0
#
# Unless required by applicable law or agreed to in writing, software
# distributed under the License is distributed on an "AS IS" BASIS,
# WITHOUT WARRANTIES OR CONDITIONS OF ANY KIND, either express or implied.
# See the License for the specific language governing permissions and
# limitations under the License.

# Some methods in androidx.window.extensions are accessed through reflection and need to be kept.
# Failure to do so can cause bugs such as b/157286362. This could be overly broad too and should
# ideally be trimmed down to only the classes/methods that actually need to be kept. This should
# be tracked in b/165268619.
-keep class androidx.window.extensions.** { *; }
-dontwarn androidx.window.extensions.**
-keep class androidx.window.extensions.embedding.** { *; }
-dontwarn androidx.window.extensions.embedding.**

# Keep the whole library for now since there is a crash with a missing method.
# TODO(b/165268619) Make a narrow rule
-keep class androidx.window.** { *; }

# We also neep to keep sidecar.** for the same reason.
-keep class androidx.window.sidecar.** { *; }
-dontwarn androidx.window.sidecar.**


# End of content from transformed\jetified-window-1.0.0-beta04\proguard.txt
# The proguard configuration file for the following section is com.android.tools\r8-from-1.6.0\coroutines.pro
# Allow R8 to optimize away the FastServiceLoader.
# Together with ServiceLoader optimization in R8
# this results in direct instantiation when loading Dispatchers.Main
-assumenosideeffects class kotlinx.coroutines.internal.MainDispatcherLoader {
    boolean FAST_SERVICE_LOADER_ENABLED return false;
}

-assumenosideeffects class kotlinx.coroutines.internal.FastServiceLoaderKt {
    boolean ANDROID_DETECTED return true;
}

-keep class kotlinx.coroutines.android.AndroidDispatcherFactory {*;}

# Disable support for "Missing Main Dispatcher", since we always have Android main dispatcher
-assumenosideeffects class kotlinx.coroutines.internal.MainDispatchersKt {
    boolean SUPPORT_MISSING return false;
}

# Statically turn off all debugging facilities and assertions
-assumenosideeffects class kotlinx.coroutines.DebugKt {
    boolean getASSERTIONS_ENABLED() return false;
    boolean getDEBUG() return false;
    boolean getRECOVER_STACK_TRACES() return false;
}
# End of content from com.android.tools\r8-from-1.6.0\coroutines.pro
# The proguard configuration file for the following section is META-INF\proguard\coroutines.pro
# ServiceLoader support
-keepnames class kotlinx.coroutines.internal.MainDispatcherFactory {}
-keepnames class kotlinx.coroutines.CoroutineExceptionHandler {}

# Most of volatile fields are updated with AFU and should not be mangled
-keepclassmembers class kotlinx.coroutines.** {
    volatile <fields>;
}

# Same story for the standard library's SafeContinuation that also uses AtomicReferenceFieldUpdater
-keepclassmembers class kotlin.coroutines.SafeContinuation {
    volatile <fields>;
}

# These classes are only required by kotlinx.coroutines.debug.AgentPremain, which is only loaded when
# kotlinx-coroutines-core is used as a Java agent, so these are not needed in contexts where ProGuard is used.
-dontwarn java.lang.instrument.ClassFileTransformer
-dontwarn sun.misc.SignalHandler
-dontwarn java.lang.instrument.Instrumentation
-dontwarn sun.misc.Signal

# End of content from META-INF\proguard\coroutines.pro
# The proguard configuration file for the following section is transformed\jetified-mobmetricalib-5.2.0\proguard.txt
-dontwarn com.yandex.metrica.**

-keeppackagenames com.yandex.metrica*

-keep class com.yandex.metrica.impl.ob.** { *; }
-dontwarn com.yandex.metrica.impl.ob.**

-keep class com.yandex.metrica.impl.ac.** { *; }
-dontwarn com.yandex.metrica.impl.ac.**

-keep class com.android.installreferrer.api.* { *; }
-dontwarn com.android.installreferrer.api.*

-keep class com.android.installreferrer.api.* {
    *;
}

-keep class com.google.android.gms.ads.identifier.AdvertisingIdClient** {
    *;
}

-keep class kotlin.KotlinVersion {
    *;
}

# Important Yandex Metrica classes
-keep class com.yandex.metrica.CounterConfiguration
-keep public class com.yandex.metrica.MetricaService
-keep public interface com.yandex.metrica.IMetricaService
-keep public class com.yandex.metrica.PreloadInfoContentProvider

# Yandex Metrica API
-keep public class com.yandex.metrica.YandexMetrica {
	public <methods>;
}

-keep public class com.yandex.metrica.YandexMetricaDefaultValues* {
    public static final *;
}

-keep public interface com.yandex.metrica.IReporter {
    public <methods>;
}

-keep public class com.yandex.metrica.DeferredDeeplinkParametersListener** {
    *;
}

-keep public class com.yandex.metrica.DeferredDeeplinkListener** {
    *;
}

-keep public class com.yandex.metrica.AppMetricaDeviceIDListener** {
    *;
}

-keep public class com.yandex.metrica.PreloadInfo* {
    public <methods>;
}

-keep public class com.yandex.metrica.profile.* {
    public <methods>;
}

-keep public class com.yandex.metrica.YandexMetricaConfig* {
    public <methods>;
    public <fields>;
}

-keep public class com.yandex.metrica.ReporterConfig* {
    public <methods>;
    public <fields>;
}

-keep public enum com.yandex.metrica.profile.GenderAttribute$Gender {
    *;
}

-keep public class com.yandex.metrica.Revenue* {
    public <methods>;
    public <fields>;
}

-keep public class com.yandex.metrica.AdRevenue* {
    public <methods>;
    public <fields>;
}

-keep public enum com.yandex.metrica.AdType {
    *;
}

-keep public class com.yandex.metrica.ecommerce.* {
    public <methods>;
}

-keep public class com.yandex.metrica.plugins.* {
    public *;
}

-keep public interface com.yandex.metrica.plugins.* {
    public *;
}

-keep public class com.yandex.metrica.IIdentifierCallback** {
    *;
}

-keep public class com.yandex.metrica.IParamsCallback** {
    *;
}

-keep public class com.yandex.metrica.FeaturesResult {
    *;
}

# Bridge
-keep class com.yandex.metrica.p {
    <methods>;
}

-keep public interface com.yandex.metrica.p$Ucc {
    *;
}

-keep class com.yandex.metrica.h {
    <methods>;
}

-keep public class com.yandex.metrica.impl.interact.* {
    public *;
}

-keep class com.yandex.metrica.uiaccessor.FragmentLifecycleCallback {
    public <methods>;
}

-keep public class com.yandex.metrica.AppMetricaJsInterface {
    public <methods>;
    public <init>();
}

-keep public class com.yandex.metrica.AppMetricaInitializerJsInterface {
    public <methods>;
    public <init>();
}

-keep public class com.yandex.metrica.ValidationException

# https://st.yandex-team.ru/METRIKALIB-7624
-keep public class com.android.billingclient.BuildConfig {
    *;
}
-keep public class com.google.android.gms.appset.AppSet

-keep class com.unity3d.player.UnityPlayer
-keep class mono.MonoPackageManager
-keep class org.apache.cordova.CordovaPlugin
-keep class com.facebook.react.ReactRootView
-keep class io.flutter.embedding.engine.FlutterEngine

-keepattributes *Annotation*

-keepclassmembers enum * {
    public static **[] values();
    public static ** valueOf(java.lang.String);
}

-keep class com.yandex.metrica.DoNotInline
-keep,allowobfuscation @com.yandex.metrica.DoNotInline class * {
    *;
}

-keep class com.yandex.metrica.ModulesFacade {
    public <methods>;
}


-dontwarn com.google.android.gms.**
-keep class com.yandex.metrica.gpllibrary.GplLocationCallback { *; }
-keep class com.yandex.metrica.gpllibrary.GplOnSuccessListener { *; }
-keep class com.yandex.metrica.gpllibrary.DoNotInline
-keep,allowobfuscation @com.yandex.metrica.gpllibrary.DoNotInline class * {
    *;
}



-keep class com.yandex.metrica.uiaccessor.DoNotInline
-keep,allowobfuscation @com.yandex.metrica.uiaccessor.DoNotInline class * {
    *;
}


-keep class com.yandex.metrica.billing_interface.DoNotInline
-keep,allowobfuscation @com.yandex.metrica.billing_interface.DoNotInline class * {
    *;
}


-keep class com.yandex.metrica.billing.v3.DoNotInline
-keep,allowobfuscation @com.yandex.metrica.billing.v3.DoNotInline class * {
    *;
}
-dontwarn com.android.billingclient.api.**


-keep class com.yandex.metrica.billing.v4.DoNotInline
-keep,allowobfuscation @com.yandex.metrica.billing.v4.DoNotInline class * {
    *;
}
-dontwarn com.android.billingclient.api.**


-keep class com.yandex.metrica.rtm.wrapper.DoNotInline
-keep,allowobfuscation @com.yandex.metrica.rtm.wrapper.DoNotInline class * {
    *;
}



-dontwarn com.google.android.gms.**
-keep class com.yandex.metrica.gpllibrary.GplLocationCallback { *; }
-keep class com.yandex.metrica.gpllibrary.GplOnSuccessListener { *; }
-keep class com.yandex.metrica.gpllibrary.DoNotInline
-keep,allowobfuscation @com.yandex.metrica.gpllibrary.DoNotInline class * {
    *;
}



-keep class com.yandex.metrica.uiaccessor.DoNotInline
-keep,allowobfuscation @com.yandex.metrica.uiaccessor.DoNotInline class * {
    *;
}


-keep class com.yandex.metrica.billing_interface.DoNotInline
-keep,allowobfuscation @com.yandex.metrica.billing_interface.DoNotInline class * {
    *;
}


-keep class com.yandex.metrica.billing.v3.DoNotInline
-keep,allowobfuscation @com.yandex.metrica.billing.v3.DoNotInline class * {
    *;
}
-dontwarn com.android.billingclient.api.**


-keep class com.yandex.metrica.billing.v4.DoNotInline
-keep,allowobfuscation @com.yandex.metrica.billing.v4.DoNotInline class * {
    *;
}
-dontwarn com.android.billingclient.api.**


-keep class com.yandex.metrica.rtm.wrapper.DoNotInline
-keep,allowobfuscation @com.yandex.metrica.rtm.wrapper.DoNotInline class * {
    *;
}


# End of content from transformed\jetified-mobmetricalib-5.2.0\proguard.txt
# The proguard configuration file for the following section is transformed\jetified-mobmetricalib-identifiers-5.2.0\proguard.txt
-keep public class com.yandex.metrica.identifiers.**

# End of content from transformed\jetified-mobmetricalib-identifiers-5.2.0\proguard.txt
# The proguard configuration file for the following section is transformed\jetified-mobmetricalib-network-tasks-5.2.0\proguard.txt
-keep public class com.yandex.metrica.networktasks.**

# End of content from transformed\jetified-mobmetricalib-network-tasks-5.2.0\proguard.txt
# The proguard configuration file for the following section is transformed\jetified-mobmetricalib-network-5.2.0\proguard.txt
-keep public class com.yandex.metrica.network.**

# End of content from transformed\jetified-mobmetricalib-network-5.2.0\proguard.txt
# The proguard configuration file for the following section is transformed\jetified-mobmetricalib-modules-api-5.2.0\proguard.txt
-keep public class com.yandex.metrica.modules.api.**

# End of content from transformed\jetified-mobmetricalib-modules-api-5.2.0\proguard.txt
# The proguard configuration file for the following section is transformed\jetified-mobmetricalib-core-api-5.2.0\proguard.txt
-keep public class com.yandex.metrica.core.api.**

# End of content from transformed\jetified-mobmetricalib-core-api-5.2.0\proguard.txt
# The proguard configuration file for the following section is transformed\jetified-mobmetricalib-proto-5.2.0\proguard.txt
-keep class com.google.protobuf.nano.ym.* {
    *;
}

# End of content from transformed\jetified-mobmetricalib-proto-5.2.0\proguard.txt
# The proguard configuration file for the following section is transformed\jetified-play-services-base-18.0.1\proguard.txt
# b/35135904 Ensure that proguard will not strip the mResultGuardian.
-keepclassmembers class com.google.android.gms.common.api.internal.BasePendingResult {
  com.google.android.gms.common.api.internal.BasePendingResult$ReleasableResultGuardian mResultGuardian;
}



# End of content from transformed\jetified-play-services-base-18.0.1\proguard.txt
# The proguard configuration file for the following section is transformed\jetified-play-services-tasks-18.0.1\proguard.txt


# End of content from transformed\jetified-play-services-tasks-18.0.1\proguard.txt
# The proguard configuration file for the following section is transformed\jetified-play-services-basement-18.0.0\proguard.txt
# Needed when building against pre-Marshmallow SDK.
-dontwarn android.security.NetworkSecurityPolicy

# Needed when building against Marshmallow SDK.
-dontwarn android.app.Notification

# Protobuf has references not on the Android boot classpath
-dontwarn sun.misc.Unsafe
-dontwarn libcore.io.Memory

# Internal Google annotations for generating Proguard keep rules.
-dontwarn com.google.android.apps.common.proguard.UsedBy*

# Annotations referenced by the SDK but whose definitions are contained in
# non-required dependencies.
-dontwarn javax.annotation.**
-dontwarn org.checkerframework.**

# Proguard flags for consumers of the Google Play services SDK
# https://developers.google.com/android/guides/setup#add_google_play_services_to_your_project

# Keep SafeParcelable NULL value, needed for reflection by DowngradeableSafeParcel
-keepclassmembers public class com.google.android.gms.common.internal.safeparcel.SafeParcelable {
    public static final *** NULL;
}

# Needed for Parcelable/SafeParcelable classes & their creators to not get renamed, as they are
# found via reflection.
-keep class com.google.android.gms.common.internal.ReflectedParcelable
-keepnames class * implements com.google.android.gms.common.internal.ReflectedParcelable
-keepclassmembers class * implements android.os.Parcelable {
  public static final *** CREATOR;
}

# Keep the classes/members we need for client functionality.
-keep @interface android.support.annotation.Keep
-keep @androidx.annotation.Keep class *
-keepclasseswithmembers class * {
  @androidx.annotation.Keep <fields>;
}
-keepclasseswithmembers class * {
  @androidx.annotation.Keep <methods>;
}

# Keep androidX equivalent of above android.support to allow Jetification.
-keep @interface androidx.annotation.Keep
-keep @androidx.annotation.Keep class *
-keepclasseswithmembers class * {
  @androidx.annotation.Keep <fields>;
}
-keepclasseswithmembers class * {
  @androidx.annotation.Keep <methods>;
}

# Keep the names of classes/members we need for client functionality.
-keep @interface com.google.android.gms.common.annotation.KeepName
-keepnames @com.google.android.gms.common.annotation.KeepName class *
-keepclassmembernames class * {
  @com.google.android.gms.common.annotation.KeepName *;
}

# Keep Dynamite API entry points
-keep @interface com.google.android.gms.common.util.DynamiteApi