build/app/outputs/mapping/release/seeds.txt
com.example.todo_list.MainActivity
com.example.todo_list.MainActivity: MainActivity()
...
androidx.window.layout.ExtensionWindowLayoutInfoBackend$MulticastConsumer: android.app.Activity activity
androidx.window.R$styleable: int SplitPlaceholderRule_splitRatio
com.yandex.metrica.impl.ob.If$b: java.lang.String c
com.yandex.metrica.YandexMetricaDefaultValues: boolean DEFAULT_REVENUE_AUTO_TRACKING_ENABLED
com.yandex.metrica.impl.ob.el$b: com.yandex.metrica.impl.ob.el$b[] h
com.android.installreferrer.api.InstallReferrerClient$InstallReferrerResponse: int FEATURE_NOT_SUPPORTED
com.yandex.metrica.impl.ob.hc$a: com.yandex.metrica.impl.ob.hc$a e
com.yandex.metrica.impl.ob.Fh$a: boolean d
io.flutter.embedding.engine.renderer.SurfaceTextureWrapper: java.lang.Runnable onFrameConsumed
com.yandex.metrica.impl.ob.Jf$q: com.yandex.metrica.ecommerce.ECommerceEvent a
com.yandex.metrica.impl.ob.T1$f: com.yandex.metrica.impl.ob.Ga a
com.yandex.metrica.impl.ob.hm: java.util.Map b
com.yandex.metrica.impl.ob.ig: com.yandex.metrica.impl.ob.Tf b
com.yandex.metrica.impl.ob.K3$h: com.yandex.metrica.impl.ob.Kd d
com.yandex.metrica.impl.ob.Q9: com.yandex.metrica.impl.ob.T9 m
com.yandex.metrica.impl.ob.a: java.lang.Thread c
com.yandex.metrica.impl.ob.mb: java.lang.String b
androidx.window.layout.SidecarWindowBackend: boolean DEBUG
com.yandex.metrica.impl.ob.nf$a: com.yandex.metrica.impl.ob.nf$a[] e
com.yandex.metrica.impl.ob.p6: com.yandex.metrica.impl.ob.hm c
com.yandex.metrica.impl.ob.ol: java.util.List h
com.yandex.metrica.impl.ob.Za: com.yandex.metrica.core.api.executors.ICommonExecutor c
com.yandex.metrica.impl.ob.vf: com.yandex.metrica.impl.ob.vf$a a
com.yandex.metrica.impl.ob.M3: com.yandex.metrica.impl.ob.ii f
com.yandex.metrica.impl.ob.Ye: int d
com.yandex.metrica.impl.ob.rg: java.lang.String j
com.yandex.metrica.impl.ob.K3$h: com.yandex.metrica.impl.ob.Kd e
com.yandex.metrica.impl.ob.Z7: android.content.Context f
com.yandex.metrica.impl.ob.hi$b: com.yandex.metrica.impl.ob.hi$b[] c
com.yandex.metrica.impl.ob.ke$b: com.yandex.metrica.impl.ob.he c
com.yandex.metrica.impl.ob.p7: java.lang.String a
com.yandex.metrica.impl.ob.J1: int e
com.yandex.metrica.impl.ob.O$b: com.yandex.metrica.impl.ob.V8 a
com.yandex.metrica.impl.ob.ac: com.yandex.metrica.impl.ob.H2 f
androidx.window.R$styleable: int SplitPairFilter_secondaryActivityAction
com.yandex.metrica.impl.ob.Fg$a: com.yandex.metrica.impl.ob.Ue a
com.yandex.metrica.impl.ob.T2: com.yandex.metrica.impl.ob.o2 k
io.flutter.view.AccessibilityViewEmbedder: android.util.SparseArray flutterIdToOrigin
com.yandex.metrica.impl.ob.Q9: com.yandex.metrica.impl.ob.S9 g
com.yandex.metrica.impl.ob.Ek: com.yandex.metrica.impl.ob.fk g
com.yandex.metrica.impl.ob.H2: com.yandex.metrica.impl.ob.sd h
com.yandex.metrica.impl.ob.be: com.yandex.metrica.impl.ob.Xd a
com.google.android.gms.ads.identifier.AdvertisingIdClient: android.content.Context zzg
com.yandex.metrica.impl.ob.yk: com.yandex.metrica.impl.ob.ql d
com.yandex.metrica.impl.ob.e7: java.util.List c
com.yandex.metrica.impl.ob.pf$a: java.lang.String b
androidx.window.layout.WindowMetricsCalculator: androidx.window.layout.WindowMetricsCalculator$Companion Companion
com.yandex.metrica.impl.ob.r1: com.yandex.metrica.impl.ob.Oc j
com.yandex.metrica.impl.ob.xf$x: boolean b
com.yandex.metrica.impl.ob.g6: com.yandex.metrica.impl.ob.B0 c
com.yandex.metrica.impl.ob.Uh: com.yandex.metrica.impl.ob.T1 b
com.yandex.metrica.impl.ob.a1: com.yandex.metrica.impl.ob.a1 H
com.yandex.metrica.impl.ob.Cm: com.yandex.metrica.core.api.executors.ICommonExecutor b
com.yandex.metrica.impl.ob.gf: boolean g
com.yandex.metrica.impl.ob.ea: com.yandex.metrica.impl.ob.b8 f
com.yandex.metrica.impl.ob.Q9: com.yandex.metrica.impl.ob.w9 r
com.yandex.metrica.impl.ob.s: long b
com.yandex.metrica.impl.ob.el$a: com.yandex.metrica.impl.ob.el$a b
com.yandex.metrica.impl.ob.ec: com.yandex.metrica.impl.ob.E$b$a f
com.yandex.metrica.impl.ob.hm: com.yandex.metrica.impl.ob.hm c
com.yandex.metrica.impl.ob.W5$b: java.lang.Long h
com.yandex.metrica.impl.ob.Fh$b: boolean s