build/app/outputs/mapping/release/usage.txt
com.example.todo_list.BuildConfig
com.example.todo_list.R$attr
com.example.todo_list.R$color
com.example.todo_list.R$dimen
com.example.todo_list.R$drawable
com.example.todo_list.R$id
com.example.todo_list.R$integer
com.example.todo_list.R$layout
com.example.todo_list.R$mipmap
com.example.todo_list.R$string
com.example.todo_list.R$style
com.example.todo_list.R$styleable
com.example.todo_list.R
...
com.google.android.gms.dynamite.zzn
com.google.android.gms.dynamite.zzo
com.google.android.gms.dynamite.zzp
com.google.android.gms.dynamite.zzq
com.google.android.gms.dynamite.zzr
com.google.android.gms.internal.ads_identifier.zzb:
    public final android.os.IBinder asBinder()
    public final boolean onTransact(int,android.os.Parcel,android.os.Parcel,int)
com.google.android.gms.internal.base.zaa:
    protected final android.os.Parcel zab(int,android.os.Parcel)
com.google.android.gms.internal.base.zac:
    public static void zab(android.os.Parcel,boolean)
com.google.android.gms.internal.base.zae
com.google.android.gms.internal.base.zaf
com.google.android.gms.internal.base.zag
com.google.android.gms.internal.base.zah
com.google.android.gms.internal.base.zai
com.google.android.gms.internal.base.zaj
com.google.android.gms.internal.base.zak
com.google.android.gms.internal.base.zam
com.google.android.gms.internal.base.zan
com.google.android.gms.internal.base.zao
com.google.android.gms.internal.base.zap
com.google.android.gms.internal.base.zaq:
    public void <init>()
com.google.android.gms.internal.common.zza:
    protected final void zzC(int,android.os.Parcel)
    protected final void zzD(int,android.os.Parcel)
com.google.android.gms.internal.common.zzaa
com.google.android.gms.internal.common.zzab
com.google.android.gms.internal.common.zzac
com.google.android.gms.internal.common.zzad
com.google.android.gms.internal.common.zzae
com.google.android.gms.internal.common.zzaf
com.google.android.gms.internal.common.zzag
com.google.android.gms.internal.common.zzah
com.google.android.gms.internal.common.zzai
com.google.android.gms.internal.common.zzaj
com.google.android.gms.internal.common.zzak
com.google.android.gms.internal.common.zzc:
    public static void zzb(android.os.Parcel,boolean)
    public static void zzc(android.os.Parcel,android.os.Parcelable)
    public static void zzd(android.os.Parcel,android.os.Parcelable)
    public static boolean zzf(android.os.Parcel)
com.google.android.gms.internal.common.zze
com.google.android.gms.internal.common.zzf
com.google.android.gms.internal.common.zzg
com.google.android.gms.internal.common.zzh
com.google.android.gms.internal.common.zzi:
    public void <init>()
com.google.android.gms.internal.common.zzj
com.google.android.gms.internal.common.zzk
com.google.android.gms.internal.common.zzl
com.google.android.gms.internal.common.zzm
com.google.android.gms.internal.common.zzn
com.google.android.gms.internal.common.zzo
com.google.android.gms.internal.common.zzp
com.google.android.gms.internal.common.zzq
com.google.android.gms.internal.common.zzr
com.google.android.gms.internal.common.zzs
com.google.android.gms.internal.common.zzt
com.google.android.gms.internal.common.zzu
com.google.android.gms.internal.common.zzv
com.google.android.gms.internal.common.zzw
com.google.android.gms.internal.common.zzx
com.google.android.gms.internal.common.zzy
com.google.android.gms.internal.common.zzz
com.google.android.gms.internal.tasks.zza:
    public void <init>()
com.google.android.gms.security.ProviderInstaller$ProviderInstallListener
com.google.android.gms.security.ProviderInstaller
com.google.android.gms.security.zza
com.google.android.gms.signin.internal.SignInClientImpl:
    public final void zaa()
    public final void zac(com.google.android.gms.common.internal.IAccountAccessor,boolean)
com.google.android.gms.signin.internal.zac:
    public void zab(com.google.android.gms.signin.internal.zak)
com.google.android.gms.signin.internal.zaf:
    public final void zae(int)
    public final void zaf(com.google.android.gms.common.internal.IAccountAccessor,int,boolean)
com.google.android.gms.signin.zae:
    public abstract void zaa()
    public abstract void zac(com.google.android.gms.common.internal.IAccountAccessor,boolean)
com.google.android.gms.tasks.CancellationToken
com.google.android.gms.tasks.CancellationTokenSource
com.google.android.gms.tasks.NativeOnCompleteListener